<?xml version="1.0" encoding="UTF-8"?>
<!-- Generated by org.testng.reporters.JUnitReportReporter -->
<testsuite hostname="mnavsupe-t14" failures="0" tests="4" name="AutomateAPI.GET_Tests" time="4.121" errors="0" timestamp="2021-09-04T11:58:56 IST" skipped="0">
  <testcase classname="AutomateAPI.GET_Tests" name="GETaccess" time="0.169"/>
  <system-out/>
  <testcase classname="AutomateAPI.GET_Tests" name="GETaccess" time="0.174"/>
  <system-out/>
  <testcase classname="AutomateAPI.GET_Tests" name="GETaccess" time="3.631"/>
  <system-out/>
  <testcase classname="AutomateAPI.GET_Tests" name="GETaccess" time="0.147"/>
  <system-out/>
</testsuite> <!-- AutomateAPI.GET_Tests -->
