<?xml version="1.0" encoding="UTF-8"?>
<!-- Generated by org.testng.reporters.JUnitReportReporter -->
<testsuite hostname="mnavsupe-t14" failures="0" tests="4" name="AutomateAPI.GET_Tests" time="2.281" errors="0" timestamp="2021-09-04T12:53:40 IST" skipped="0">
  <testcase classname="AutomateAPI.GET_Tests" name="GETaccess" time="0.135"/>
  <system-out/>
  <testcase classname="AutomateAPI.GET_Tests" name="GETaccess" time="0.114"/>
  <system-out/>
  <testcase classname="AutomateAPI.GET_Tests" name="GETaccess" time="1.945"/>
  <system-out/>
  <testcase classname="AutomateAPI.GET_Tests" name="GETaccess" time="0.087"/>
  <system-out/>
</testsuite> <!-- AutomateAPI.GET_Tests -->
